{"level":"http","message":"escuchando","timestamp":"2024-07-31T13:26:09.825Z"}
{"level":"info","message":"Conectado con MongoDB!!","timestamp":"2024-07-31T13:26:10.424Z"}
{"level":"info","message":"no inici贸 sesion","timestamp":"2024-07-31T13:26:14.810Z"}
{"level":"debug","message":"prueba logger de Debug log","timestamp":"2024-07-31T13:26:14.812Z"}
{"level":"http","message":"prueba logger de HTTP log","timestamp":"2024-07-31T13:26:14.812Z"}
{"level":"info","message":"prueba logger de Info log","timestamp":"2024-07-31T13:26:14.812Z"}
{"level":"warning","message":"prueba logger de Warning log","timestamp":"2024-07-31T13:26:14.812Z"}
{"level":"error","message":"prueba logger de Error log","timestamp":"2024-07-31T13:26:14.813Z"}
{"level":"http","message":"escuchando","timestamp":"2024-07-31T13:26:51.776Z"}
{"level":"info","message":"Conectado con MongoDB!!","timestamp":"2024-07-31T13:26:52.881Z"}
{"level":"http","message":"escuchando","timestamp":"2024-07-31T13:27:06.004Z"}
{"level":"info","message":"Conectado con MongoDB!!","timestamp":"2024-07-31T13:27:06.585Z"}
{"level":"http","message":"escuchando","timestamp":"2024-07-31T13:27:36.109Z"}
{"level":"info","message":"Conectado con MongoDB!!","timestamp":"2024-07-31T13:27:36.716Z"}
{"level":"http","message":"escuchando","timestamp":"2024-07-31T13:27:43.632Z"}
{"level":"info","message":"Conectado con MongoDB!!","timestamp":"2024-07-31T13:27:44.209Z"}
{"level":"http","message":"escuchando","timestamp":"2024-07-31T13:28:12.728Z"}
{"level":"info","message":"Conectado con MongoDB!!","timestamp":"2024-07-31T13:28:13.384Z"}
{"level":"http","message":"escuchando","timestamp":"2024-07-31T13:28:22.708Z"}
{"level":"info","message":"Conectado con MongoDB!!","timestamp":"2024-07-31T13:28:23.306Z"}
{"level":"http","message":"escuchando","timestamp":"2024-07-31T13:28:35.382Z"}
{"level":"info","message":"Conectado con MongoDB!!","timestamp":"2024-07-31T13:28:35.964Z"}
{"level":"http","message":"escuchando","timestamp":"2024-07-31T13:29:00.933Z"}
{"level":"info","message":"Conectado con MongoDB!!","timestamp":"2024-07-31T13:29:01.567Z"}
{"level":"http","message":"escuchando","timestamp":"2024-07-31T13:29:18.877Z"}
{"level":"info","message":"Conectado con MongoDB!!","timestamp":"2024-07-31T13:29:19.832Z"}
{"level":"http","message":"escuchando","timestamp":"2024-07-31T13:30:17.764Z"}
{"level":"info","message":"Conectado con MongoDB!!","timestamp":"2024-07-31T13:30:18.447Z"}
{"level":"info","message":"no inici贸 sesion","timestamp":"2024-07-31T13:30:27.482Z"}
{"level":"debug","message":"prueba logger de Debug log","timestamp":"2024-07-31T13:30:27.483Z"}
{"level":"http","message":"prueba logger de HTTP log","timestamp":"2024-07-31T13:30:27.483Z"}
{"level":"info","message":"prueba logger de Info log","timestamp":"2024-07-31T13:30:27.483Z"}
{"level":"warning","message":"prueba logger de Warning log","timestamp":"2024-07-31T13:30:27.484Z"}
{"level":"error","message":"prueba logger de Error log","timestamp":"2024-07-31T13:30:27.484Z"}
{"level":"http","message":"escuchando","timestamp":"2024-07-31T13:30:41.359Z"}
{"level":"info","message":"Conectado con MongoDB!!","timestamp":"2024-07-31T13:30:42.265Z"}
{"level":"info","message":"no inici贸 sesion","timestamp":"2024-07-31T13:30:45.557Z"}
{"level":"debug","message":"prueba logger de Debug log","timestamp":"2024-07-31T13:30:45.560Z"}
{"level":"http","message":"prueba logger de HTTP log","timestamp":"2024-07-31T13:30:45.560Z"}
{"level":"info","message":"prueba logger de Info log","timestamp":"2024-07-31T13:30:45.561Z"}
{"level":"warning","message":"prueba logger de Warning log","timestamp":"2024-07-31T13:30:45.561Z"}
{"level":"error","message":"prueba logger de Error log","timestamp":"2024-07-31T13:30:45.561Z"}
{"level":"http","message":"escuchando","timestamp":"2024-07-31T13:31:31.716Z"}
{"level":"info","message":"Conectado con MongoDB!!","timestamp":"2024-07-31T13:31:32.426Z"}
{"level":"info","message":"no inici贸 sesion","timestamp":"2024-07-31T13:31:36.961Z"}
{"level":"debug","message":"prueba logger de Debug log","timestamp":"2024-07-31T13:31:36.963Z"}
{"level":"http","message":"prueba logger de HTTP log","timestamp":"2024-07-31T13:31:36.963Z"}
{"level":"info","message":"prueba logger de Info log","timestamp":"2024-07-31T13:31:36.963Z"}
{"level":"warning","message":"prueba logger de Warning log","timestamp":"2024-07-31T13:31:36.963Z"}
{"level":"error","message":"prueba logger de Error log","timestamp":"2024-07-31T13:31:36.963Z"}
{"level":"http","message":"escuchando","timestamp":"2024-07-31T13:32:11.206Z"}
{"level":"info","message":"Conectado con MongoDB!!","timestamp":"2024-07-31T13:32:12.035Z"}
{"level":"info","message":"no inici贸 sesion","timestamp":"2024-07-31T13:32:16.255Z"}
{"level":"debug","message":"prueba logger de Debug log","timestamp":"2024-07-31T13:32:16.256Z"}
{"level":"http","message":"prueba logger de HTTP log","timestamp":"2024-07-31T13:32:16.256Z"}
{"level":"info","message":"prueba logger de Info log","timestamp":"2024-07-31T13:32:16.257Z"}
{"level":"warning","message":"prueba logger de Warning log","timestamp":"2024-07-31T13:32:16.257Z"}
{"level":"error","message":"prueba logger de Error log","timestamp":"2024-07-31T13:32:16.257Z"}
{"level":"http","message":"escuchando","timestamp":"2024-07-31T13:33:17.847Z"}
{"level":"info","message":"Conectado con MongoDB!!","timestamp":"2024-07-31T13:33:18.697Z"}
{"level":"http","message":"escuchando","timestamp":"2024-07-31T13:33:32.136Z"}
{"level":"info","message":"Conectado con MongoDB!!","timestamp":"2024-07-31T13:33:32.690Z"}
{"level":"info","message":"no inici贸 sesion","timestamp":"2024-07-31T13:33:35.963Z"}
{"level":"debug","message":"prueba logger de Debug log","timestamp":"2024-07-31T13:33:35.964Z"}
{"level":"http","message":"prueba logger de HTTP log","timestamp":"2024-07-31T13:33:35.965Z"}
{"level":"info","message":"prueba logger de Info log","timestamp":"2024-07-31T13:33:35.965Z"}
{"level":"warning","message":"prueba logger de Warning log","timestamp":"2024-07-31T13:33:35.965Z"}
{"level":"error","message":"prueba logger de Error log","timestamp":"2024-07-31T13:33:35.965Z"}
{"level":"http","message":"escuchando","timestamp":"2024-07-31T13:34:19.650Z"}
{"level":"info","message":"Conectado con MongoDB!!","timestamp":"2024-07-31T13:34:20.496Z"}
{"level":"http","message":"escuchando","timestamp":"2024-07-31T13:35:38.483Z"}
{"level":"info","message":"Conectado con MongoDB!!","timestamp":"2024-07-31T13:35:39.729Z"}
{"level":"http","message":"escuchando","timestamp":"2024-07-31T13:35:56.010Z"}
{"level":"info","message":"Conectado con MongoDB!!","timestamp":"2024-07-31T13:35:56.750Z"}
{"level":"http","message":"escuchando","timestamp":"2024-07-31T13:36:20.290Z"}
{"level":"info","message":"Conectado con MongoDB!!","timestamp":"2024-07-31T13:36:20.896Z"}
{"level":"info","message":"no inici贸 sesion","timestamp":"2024-07-31T13:36:36.884Z"}
{"level":"info","message":"no inici贸 sesion","timestamp":"2024-07-31T13:37:00.692Z"}
{"level":"info","message":"no inici贸 sesion","timestamp":"2024-07-31T13:37:01.444Z"}
{"level":"info","message":"no inici贸 sesion","timestamp":"2024-07-31T13:37:12.803Z"}
{"level":"http","message":"escuchando","timestamp":"2024-07-31T13:38:23.648Z"}
{"level":"info","message":"Conectado con MongoDB!!","timestamp":"2024-07-31T13:38:24.641Z"}
{"level":"http","message":"escuchando","timestamp":"2024-07-31T13:41:36.059Z"}
{"level":"info","message":"Conectado con MongoDB!!","timestamp":"2024-07-31T13:41:36.851Z"}
{"level":"info","message":"Logout exitoso","timestamp":"2024-07-31T13:41:49.937Z"}
{"level":"info","message":"no inici贸 sesion","timestamp":"2024-07-31T13:41:50.328Z"}
{"level":"info","message":"no inici贸 sesion","timestamp":"2024-07-31T13:41:51.734Z"}
{"level":"error","message":"a煤nn no estas logueado ","timestamp":"2024-07-31T13:41:51.735Z"}
{"level":"info","message":"no inici贸 sesion","timestamp":"2024-07-31T13:41:51.860Z"}
{"level":"info","message":"no inici贸 sesion","timestamp":"2024-07-31T13:41:53.547Z"}
{"level":"error","message":"a煤nn no estas logueado ","timestamp":"2024-07-31T13:41:53.547Z"}
{"level":"info","message":"no inici贸 sesion","timestamp":"2024-07-31T13:41:53.679Z"}
{"level":"info","message":"no inici贸 sesion","timestamp":"2024-07-31T13:42:00.915Z"}
{"level":"http","message":"escuchando","timestamp":"2024-07-31T13:44:18.412Z"}
{"level":"info","message":"Conectado con MongoDB!!","timestamp":"2024-07-31T13:44:19.256Z"}
{"level":"http","message":"escuchando","timestamp":"2024-07-31T13:46:38.145Z"}
{"level":"info","message":"Conectado con MongoDB!!","timestamp":"2024-07-31T13:46:38.828Z"}
{"level":"http","message":"escuchando","timestamp":"2024-07-31T13:57:46.437Z"}
{"level":"info","message":"Conectado con MongoDB!!","timestamp":"2024-07-31T13:57:47.463Z"}
{"level":"info","message":"no inici贸 sesion","timestamp":"2024-07-31T13:58:06.994Z"}
{"level":"error","message":"a煤nn no estas logueado ","timestamp":"2024-07-31T13:58:06.995Z"}
{"level":"info","message":"no inici贸 sesion","timestamp":"2024-07-31T13:58:07.122Z"}
{"level":"info","message":"no inici贸 sesion","timestamp":"2024-07-31T13:58:13.133Z"}
